2018-06-28 18:46:39    1382718 0_test.bp
2018-06-28 18:46:42    4850756 0_test.npz
2018-06-03 14:13:18    1382718 atlasV7_10.0um_scoreVolume_10N_L.bp
2018-06-03 14:13:35         76 atlasV7_10.0um_scoreVolume_10N_L_origin_wrt_canonicalAtlasSpace.txt
2018-06-03 14:13:36    1192584 atlasV7_10.0um_scoreVolume_10N_L_surround_200um.bp
2018-06-03 14:13:47         77 atlasV7_10.0um_scoreVolume_10N_L_surround_200um_origin_wrt_canonicalAtlasSpace.txt
2018-06-03 14:13:48    1379950 atlasV7_10.0um_scoreVolume_10N_R.bp
2018-06-03 14:14:00         75 atlasV7_10.0um_scoreVolume_10N_R_origin_wrt_canonicalAtlasSpace.txt
2018-06-03 14:14:02    1189659 atlasV7_10.0um_scoreVolume_10N_R_surround_200um.bp
2018-06-03 14:14:15         77 atlasV7_10.0um_scoreVolume_10N_R_surround_200um_origin_wrt_canonicalAtlasSpace.txt
2018-06-03 14:21:25    3846811 atlasV7_10.0um_scoreVolume_12N.bp
2018-06-03 14:22:00         76 atlasV7_10.0um_scoreVolume_12N_origin_wrt_canonicalAtlasSpace.txt
2018-06-03 14:22:02    2686493 atlasV7_10.0um_scoreVolume_12N_surround_200um.bp
2018-06-03 14:22:23         76 atlasV7_10.0um_scoreVolume_12N_surround_200um_origin_wrt_canonicalAtlasSpace.txt
2018-06-03 13:57:11     952396 atlasV7_10.0um_scoreVolume_3N_L.bp
2018-06-03 13:57:19         78 atlasV7_10.0um_scoreVolume_3N_L_origin_wrt_canonicalAtlasSpace.txt
2018-06-03 13:57:20     870643 atlasV7_10.0um_scoreVolume_3N_L_surround_200um.bp
2018-06-03 13:57:30         78 atlasV7_10.0um_scoreVolume_3N_L_surround_200um_origin_wrt_canonicalAtlasSpace.txt
2018-06-03 13:57:36     953018 atlasV7_10.0um_scoreVolume_3N_R.bp
2018-06-03 13:57:42         78 atlasV7_10.0um_scoreVolume_3N_R_origin_wrt_canonicalAtlasSpace.txt
2018-06-03 13:57:44     871006 atlasV7_10.0um_scoreVolume_3N_R_surround_200um.bp
2018-06-03 13:57:53         78 atlasV7_10.0um_scoreVolume_3N_R_surround_200um_origin_wrt_canonicalAtlasSpace.txt
2018-06-03 13:57:56      65414 atlasV7_10.0um_scoreVolume_4N_L.bp
2018-06-03 13:57:58         78 atlasV7_10.0um_scoreVolume_4N_L_origin_wrt_canonicalAtlasSpace.txt
2018-06-03 13:58:00     116844 atlasV7_10.0um_scoreVolume_4N_L_surround_200um.bp
2018-06-03 13:58:02         78 atlasV7_10.0um_scoreVolume_4N_L_surround_200um_origin_wrt_canonicalAtlasSpace.txt
2018-06-03 13:58:04      65432 atlasV7_10.0um_scoreVolume_4N_R.bp
2018-06-03 13:58:06         77 atlasV7_10.0um_scoreVolume_4N_R_origin_wrt_canonicalAtlasSpace.txt
2018-06-03 13:58:08     117144 atlasV7_10.0um_scoreVolume_4N_R_surround_200um.bp
2018-06-03 13:58:10         78 atlasV7_10.0um_scoreVolume_4N_R_surround_200um_origin_wrt_canonicalAtlasSpace.txt
2018-06-03 13:33:16    2501283 atlasV7_10.0um_scoreVolume_5N_L.bp
2018-06-03 13:33:31         78 atlasV7_10.0um_scoreVolume_5N_L_origin_wrt_canonicalAtlasSpace.txt
2018-06-03 13:33:33    1904853 atlasV7_10.0um_scoreVolume_5N_L_surround_200um.bp
2018-06-03 13:33:43         78 atlasV7_10.0um_scoreVolume_5N_L_surround_200um_origin_wrt_canonicalAtlasSpace.txt
2018-06-03 13:33:45    2496618 atlasV7_10.0um_scoreVolume_5N_R.bp
2018-06-03 13:34:00         77 atlasV7_10.0um_scoreVolume_5N_R_origin_wrt_canonicalAtlasSpace.txt
2018-06-03 13:34:07    1900691 atlasV7_10.0um_scoreVolume_5N_R_surround_200um.bp
2018-06-03 13:34:21         77 atlasV7_10.0um_scoreVolume_5N_R_surround_200um_origin_wrt_canonicalAtlasSpace.txt
2018-06-03 13:34:23     120726 atlasV7_10.0um_scoreVolume_6N_L.bp
2018-06-03 13:34:24         76 atlasV7_10.0um_scoreVolume_6N_L_origin_wrt_canonicalAtlasSpace.txt
2018-06-03 13:34:26     175224 atlasV7_10.0um_scoreVolume_6N_L_surround_200um.bp
2018-06-03 13:34:28         78 atlasV7_10.0um_scoreVolume_6N_L_surround_200um_origin_wrt_canonicalAtlasSpace.txt
2018-06-03 13:34:30     120712 atlasV7_10.0um_scoreVolume_6N_R.bp
2018-06-03 13:34:32         75 atlasV7_10.0um_scoreVolume_6N_R_origin_wrt_canonicalAtlasSpace.txt
2018-06-03 13:34:34     175275 atlasV7_10.0um_scoreVolume_6N_R_surround_200um.bp
2018-06-03 13:34:37         78 atlasV7_10.0um_scoreVolume_6N_R_surround_200um_origin_wrt_canonicalAtlasSpace.txt
2018-06-03 13:34:39    3975448 atlasV7_10.0um_scoreVolume_7N_L.bp
2018-06-03 13:35:04         77 atlasV7_10.0um_scoreVolume_7N_L_origin_wrt_canonicalAtlasSpace.txt
2018-06-03 13:35:06    2686408 atlasV7_10.0um_scoreVolume_7N_L_surround_200um.bp
2018-06-03 13:35:28         77 atlasV7_10.0um_scoreVolume_7N_L_surround_200um_origin_wrt_canonicalAtlasSpace.txt
2018-06-03 13:35:30    3989961 atlasV7_10.0um_scoreVolume_7N_R.bp
2018-06-03 13:36:00         76 atlasV7_10.0um_scoreVolume_7N_R_origin_wrt_canonicalAtlasSpace.txt
2018-06-03 13:36:01    2672224 atlasV7_10.0um_scoreVolume_7N_R_surround_200um.bp
2018-06-03 13:36:22         76 atlasV7_10.0um_scoreVolume_7N_R_surround_200um_origin_wrt_canonicalAtlasSpace.txt
2018-06-03 13:36:24    2998815 atlasV7_10.0um_scoreVolume_7n_L.bp
2018-06-03 13:36:51         78 atlasV7_10.0um_scoreVolume_7n_L_origin_wrt_canonicalAtlasSpace.txt
2018-06-03 13:36:53    2464372 atlasV7_10.0um_scoreVolume_7n_L_surround_200um.bp
2018-06-03 13:37:05         78 atlasV7_10.0um_scoreVolume_7n_L_surround_200um_origin_wrt_canonicalAtlasSpace.txt
2018-06-03 13:37:06    2996961 atlasV7_10.0um_scoreVolume_7n_R.bp
2018-06-03 13:37:24         77 atlasV7_10.0um_scoreVolume_7n_R_origin_wrt_canonicalAtlasSpace.txt
2018-06-03 13:37:26    2472889 atlasV7_10.0um_scoreVolume_7n_R_surround_200um.bp
2018-06-03 13:37:40         77 atlasV7_10.0um_scoreVolume_7n_R_surround_200um_origin_wrt_canonicalAtlasSpace.txt
2018-06-03 14:21:06     804482 atlasV7_10.0um_scoreVolume_AP.bp
2018-06-03 14:21:13         76 atlasV7_10.0um_scoreVolume_AP_origin_wrt_canonicalAtlasSpace.txt
2018-06-03 14:21:15     702210 atlasV7_10.0um_scoreVolume_AP_surround_200um.bp
2018-06-03 14:21:23         77 atlasV7_10.0um_scoreVolume_AP_surround_200um_origin_wrt_canonicalAtlasSpace.txt
2018-06-03 13:37:42     191205 atlasV7_10.0um_scoreVolume_Amb_L.bp
2018-06-03 13:37:44         76 atlasV7_10.0um_scoreVolume_Amb_L_origin_wrt_canonicalAtlasSpace.txt
2018-06-03 13:37:46     284550 atlasV7_10.0um_scoreVolume_Amb_L_surround_200um.bp
2018-06-03 13:37:50         76 atlasV7_10.0um_scoreVolume_Amb_L_surround_200um_origin_wrt_canonicalAtlasSpace.txt
2018-06-03 13:37:51     191162 atlasV7_10.0um_scoreVolume_Amb_R.bp
2018-06-03 13:37:54         75 atlasV7_10.0um_scoreVolume_Amb_R_origin_wrt_canonicalAtlasSpace.txt
2018-06-03 13:37:56     283824 atlasV7_10.0um_scoreVolume_Amb_R_surround_200um.bp
2018-06-03 13:37:58         75 atlasV7_10.0um_scoreVolume_Amb_R_surround_200um_origin_wrt_canonicalAtlasSpace.txt
2018-06-03 14:18:36    5012864 atlasV7_10.0um_scoreVolume_DC_L.bp
2018-06-03 14:19:13         77 atlasV7_10.0um_scoreVolume_DC_L_origin_wrt_canonicalAtlasSpace.txt
2018-06-03 14:19:14    3356253 atlasV7_10.0um_scoreVolume_DC_L_surround_200um.bp
2018-06-03 14:19:42         78 atlasV7_10.0um_scoreVolume_DC_L_surround_200um_origin_wrt_canonicalAtlasSpace.txt
2018-06-03 14:19:45    5012553 atlasV7_10.0um_scoreVolume_DC_R.bp
2018-06-03 14:20:26         76 atlasV7_10.0um_scoreVolume_DC_R_origin_wrt_canonicalAtlasSpace.txt
2018-06-03 14:20:27    3370100 atlasV7_10.0um_scoreVolume_DC_R_surround_200um.bp
2018-06-03 14:21:04         77 atlasV7_10.0um_scoreVolume_DC_R_surround_200um_origin_wrt_canonicalAtlasSpace.txt
2018-06-03 14:28:33   71648678 atlasV7_10.0um_scoreVolume_IC.bp
2018-06-03 14:30:42         78 atlasV7_10.0um_scoreVolume_IC_origin_wrt_canonicalAtlasSpace.txt
2018-06-03 14:30:45   25239230 atlasV7_10.0um_scoreVolume_IC_surround_200um.bp
2018-06-03 14:32:11         78 atlasV7_10.0um_scoreVolume_IC_surround_200um_origin_wrt_canonicalAtlasSpace.txt
2018-06-03 13:38:00    1299675 atlasV7_10.0um_scoreVolume_LC_L.bp
2018-06-03 13:38:04         78 atlasV7_10.0um_scoreVolume_LC_L_origin_wrt_canonicalAtlasSpace.txt
2018-06-03 13:38:06    1165922 atlasV7_10.0um_scoreVolume_LC_L_surround_200um.bp
2018-06-03 13:38:16         78 atlasV7_10.0um_scoreVolume_LC_L_surround_200um_origin_wrt_canonicalAtlasSpace.txt
2018-06-03 13:38:18    1305328 atlasV7_10.0um_scoreVolume_LC_R.bp
2018-06-03 13:38:27         77 atlasV7_10.0um_scoreVolume_LC_R_origin_wrt_canonicalAtlasSpace.txt
2018-06-03 13:38:29    1169689 atlasV7_10.0um_scoreVolume_LC_R_surround_200um.bp
2018-06-03 13:38:43         77 atlasV7_10.0um_scoreVolume_LC_R_surround_200um_origin_wrt_canonicalAtlasSpace.txt
2018-06-03 13:38:44    4313212 atlasV7_10.0um_scoreVolume_LRt_L.bp
2018-06-03 13:39:29         76 atlasV7_10.0um_scoreVolume_LRt_L_origin_wrt_canonicalAtlasSpace.txt
2018-06-03 13:39:31    3176207 atlasV7_10.0um_scoreVolume_LRt_L_surround_200um.bp
2018-06-03 13:39:52         76 atlasV7_10.0um_scoreVolume_LRt_L_surround_200um_origin_wrt_canonicalAtlasSpace.txt
2018-06-03 13:39:57    4328419 atlasV7_10.0um_scoreVolume_LRt_R.bp
2018-06-03 13:40:48         75 atlasV7_10.0um_scoreVolume_LRt_R_origin_wrt_canonicalAtlasSpace.txt
2018-06-03 13:40:52    3161933 atlasV7_10.0um_scoreVolume_LRt_R_surround_200um.bp
2018-06-03 13:41:13         75 atlasV7_10.0um_scoreVolume_LRt_R_surround_200um_origin_wrt_canonicalAtlasSpace.txt
2018-06-03 14:12:43     999034 atlasV7_10.0um_scoreVolume_PBG_L.bp
2018-06-03 14:12:53         78 atlasV7_10.0um_scoreVolume_PBG_L_origin_wrt_canonicalAtlasSpace.txt
2018-06-03 14:12:55     865692 atlasV7_10.0um_scoreVolume_PBG_L_surround_200um.bp
2018-06-03 14:13:02         78 atlasV7_10.0um_scoreVolume_PBG_L_surround_200um_origin_wrt_canonicalAtlasSpace.txt
2018-06-03 14:13:04    1000454 atlasV7_10.0um_scoreVolume_PBG_R.bp
2018-06-03 14:13:12         77 atlasV7_10.0um_scoreVolume_PBG_R_origin_wrt_canonicalAtlasSpace.txt
2018-06-03 14:13:13     868524 atlasV7_10.0um_scoreVolume_PBG_R_surround_200um.bp
2018-06-03 14:13:17         77 atlasV7_10.0um_scoreVolume_PBG_R_surround_200um_origin_wrt_canonicalAtlasSpace.txt
2018-06-03 13:41:14    6554574 atlasV7_10.0um_scoreVolume_Pn_L.bp
2018-06-03 13:42:16         77 atlasV7_10.0um_scoreVolume_Pn_L_origin_wrt_canonicalAtlasSpace.txt
2018-06-03 13:42:18    4189367 atlasV7_10.0um_scoreVolume_Pn_L_surround_200um.bp
2018-06-03 13:43:01         77 atlasV7_10.0um_scoreVolume_Pn_L_surround_200um_origin_wrt_canonicalAtlasSpace.txt
2018-06-03 13:43:03    6551248 atlasV7_10.0um_scoreVolume_Pn_R.bp
2018-06-03 13:44:07         76 atlasV7_10.0um_scoreVolume_Pn_R_origin_wrt_canonicalAtlasSpace.txt
2018-06-03 13:44:09    4165367 atlasV7_10.0um_scoreVolume_Pn_R_surround_200um.bp
2018-06-03 13:44:53         77 atlasV7_10.0um_scoreVolume_Pn_R_surround_200um_origin_wrt_canonicalAtlasSpace.txt
2018-06-03 13:49:29    2749503 atlasV7_10.0um_scoreVolume_RMC_L.bp
2018-06-03 13:49:52         78 atlasV7_10.0um_scoreVolume_RMC_L_origin_wrt_canonicalAtlasSpace.txt
2018-06-03 13:49:54    1738196 atlasV7_10.0um_scoreVolume_RMC_L_surround_200um.bp
2018-06-03 13:50:07         78 atlasV7_10.0um_scoreVolume_RMC_L_surround_200um_origin_wrt_canonicalAtlasSpace.txt
2018-06-03 13:50:09    2738208 atlasV7_10.0um_scoreVolume_RMC_R.bp
2018-06-03 13:50:48         77 atlasV7_10.0um_scoreVolume_RMC_R_origin_wrt_canonicalAtlasSpace.txt
2018-06-03 13:50:50    1741220 atlasV7_10.0um_scoreVolume_RMC_R_surround_200um.bp
2018-06-03 13:51:02         78 atlasV7_10.0um_scoreVolume_RMC_R_surround_200um_origin_wrt_canonicalAtlasSpace.txt
2018-06-03 14:22:25   12102788 atlasV7_10.0um_scoreVolume_RtTg.bp
2018-06-03 14:23:45         77 atlasV7_10.0um_scoreVolume_RtTg_origin_wrt_canonicalAtlasSpace.txt
2018-06-03 14:23:47    6679265 atlasV7_10.0um_scoreVolume_RtTg_surround_200um.bp
2018-06-03 14:24:45         78 atlasV7_10.0um_scoreVolume_RtTg_surround_200um_origin_wrt_canonicalAtlasSpace.txt
2018-06-03 14:24:47   83093453 atlasV7_10.0um_scoreVolume_SC.bp
2018-06-03 14:27:15         78 atlasV7_10.0um_scoreVolume_SC_origin_wrt_canonicalAtlasSpace.txt
2018-06-03 14:27:17   26967826 atlasV7_10.0um_scoreVolume_SC_surround_200um.bp
2018-06-03 14:28:31         78 atlasV7_10.0um_scoreVolume_SC_surround_200um_origin_wrt_canonicalAtlasSpace.txt
2018-06-03 13:51:03    2470102 atlasV7_10.0um_scoreVolume_SNC_L.bp
2018-06-03 13:51:29         78 atlasV7_10.0um_scoreVolume_SNC_L_origin_wrt_canonicalAtlasSpace.txt
2018-06-03 13:51:30    2024860 atlasV7_10.0um_scoreVolume_SNC_L_surround_200um.bp
2018-06-03 13:51:52         78 atlasV7_10.0um_scoreVolume_SNC_L_surround_200um_origin_wrt_canonicalAtlasSpace.txt
2018-06-03 13:51:53    2471237 atlasV7_10.0um_scoreVolume_SNC_R.bp
2018-06-03 13:52:18         77 atlasV7_10.0um_scoreVolume_SNC_R_origin_wrt_canonicalAtlasSpace.txt
2018-06-03 13:52:20    2030935 atlasV7_10.0um_scoreVolume_SNC_R_surround_200um.bp
2018-06-03 13:52:42         77 atlasV7_10.0um_scoreVolume_SNC_R_surround_200um_origin_wrt_canonicalAtlasSpace.txt
2018-06-03 13:52:44    8763559 atlasV7_10.0um_scoreVolume_SNR_L.bp
2018-06-03 13:53:56         78 atlasV7_10.0um_scoreVolume_SNR_L_origin_wrt_canonicalAtlasSpace.txt
2018-06-03 13:53:58    5886575 atlasV7_10.0um_scoreVolume_SNR_L_surround_200um.bp
2018-06-03 13:54:55         78 atlasV7_10.0um_scoreVolume_SNR_L_surround_200um_origin_wrt_canonicalAtlasSpace.txt
2018-06-03 13:54:56    8772157 atlasV7_10.0um_scoreVolume_SNR_R.bp
2018-06-03 13:56:13         77 atlasV7_10.0um_scoreVolume_SNR_R_origin_wrt_canonicalAtlasSpace.txt
2018-06-03 13:56:15    5883156 atlasV7_10.0um_scoreVolume_SNR_R_surround_200um.bp
2018-06-03 13:57:09         77 atlasV7_10.0um_scoreVolume_SNR_R_surround_200um_origin_wrt_canonicalAtlasSpace.txt
2018-06-03 14:07:48   13564825 atlasV7_10.0um_scoreVolume_Sp5C_L.bp
2018-06-03 14:08:59         77 atlasV7_10.0um_scoreVolume_Sp5C_L_origin_wrt_canonicalAtlasSpace.txt
2018-06-03 14:09:01    8210469 atlasV7_10.0um_scoreVolume_Sp5C_L_surround_200um.bp
2018-06-03 14:10:19         77 atlasV7_10.0um_scoreVolume_Sp5C_L_surround_200um_origin_wrt_canonicalAtlasSpace.txt
2018-06-03 14:10:21   13578433 atlasV7_10.0um_scoreVolume_Sp5C_R.bp
2018-06-03 14:11:31         76 atlasV7_10.0um_scoreVolume_Sp5C_R_origin_wrt_canonicalAtlasSpace.txt
2018-06-03 14:11:33    8203780 atlasV7_10.0um_scoreVolume_Sp5C_R_surround_200um.bp
2018-06-03 14:12:41         76 atlasV7_10.0um_scoreVolume_Sp5C_R_surround_200um_origin_wrt_canonicalAtlasSpace.txt
2018-06-03 13:58:11    8422965 atlasV7_10.0um_scoreVolume_Sp5I_L.bp
2018-06-03 13:59:35         77 atlasV7_10.0um_scoreVolume_Sp5I_L_origin_wrt_canonicalAtlasSpace.txt
2018-06-03 13:59:37    4863087 atlasV7_10.0um_scoreVolume_Sp5I_L_surround_200um.bp
2018-06-03 14:00:19         77 atlasV7_10.0um_scoreVolume_Sp5I_L_surround_200um_origin_wrt_canonicalAtlasSpace.txt
2018-06-03 14:00:21    8443029 atlasV7_10.0um_scoreVolume_Sp5I_R.bp
2018-06-03 14:01:44         76 atlasV7_10.0um_scoreVolume_Sp5I_R_origin_wrt_canonicalAtlasSpace.txt
2018-06-03 14:01:46    4839237 atlasV7_10.0um_scoreVolume_Sp5I_R_surround_200um.bp
2018-06-03 14:02:34         76 atlasV7_10.0um_scoreVolume_Sp5I_R_surround_200um_origin_wrt_canonicalAtlasSpace.txt
2018-06-03 14:02:36   11768694 atlasV7_10.0um_scoreVolume_Sp5O_L.bp
2018-06-03 14:04:03         78 atlasV7_10.0um_scoreVolume_Sp5O_L_origin_wrt_canonicalAtlasSpace.txt
2018-06-03 14:04:04    7179311 atlasV7_10.0um_scoreVolume_Sp5O_L_surround_200um.bp
2018-06-03 14:05:15         78 atlasV7_10.0um_scoreVolume_Sp5O_L_surround_200um_origin_wrt_canonicalAtlasSpace.txt
2018-06-03 14:05:16   11762960 atlasV7_10.0um_scoreVolume_Sp5O_R.bp
2018-06-03 14:06:35         77 atlasV7_10.0um_scoreVolume_Sp5O_R_origin_wrt_canonicalAtlasSpace.txt
2018-06-03 14:06:38    7153459 atlasV7_10.0um_scoreVolume_Sp5O_R_surround_200um.bp
2018-06-03 14:07:47         77 atlasV7_10.0um_scoreVolume_Sp5O_R_surround_200um_origin_wrt_canonicalAtlasSpace.txt
2018-06-03 13:44:54    1682866 atlasV7_10.0um_scoreVolume_Tz_L.bp
2018-06-03 13:45:15         77 atlasV7_10.0um_scoreVolume_Tz_L_origin_wrt_canonicalAtlasSpace.txt
2018-06-03 13:45:17    1332906 atlasV7_10.0um_scoreVolume_Tz_L_surround_200um.bp
2018-06-03 13:45:26         77 atlasV7_10.0um_scoreVolume_Tz_L_surround_200um_origin_wrt_canonicalAtlasSpace.txt
2018-06-03 13:45:28    1679030 atlasV7_10.0um_scoreVolume_Tz_R.bp
2018-06-03 13:45:44         76 atlasV7_10.0um_scoreVolume_Tz_R_origin_wrt_canonicalAtlasSpace.txt
2018-06-03 13:45:46    1329622 atlasV7_10.0um_scoreVolume_Tz_R_surround_200um.bp
2018-06-03 13:45:57         77 atlasV7_10.0um_scoreVolume_Tz_R_surround_200um_origin_wrt_canonicalAtlasSpace.txt
2018-06-03 14:14:16    5090709 atlasV7_10.0um_scoreVolume_VCA_L.bp
2018-06-03 14:15:01         78 atlasV7_10.0um_scoreVolume_VCA_L_origin_wrt_canonicalAtlasSpace.txt
2018-06-03 14:15:03    3419848 atlasV7_10.0um_scoreVolume_VCA_L_surround_200um.bp
2018-06-03 14:15:32         78 atlasV7_10.0um_scoreVolume_VCA_L_surround_200um_origin_wrt_canonicalAtlasSpace.txt
2018-06-03 14:15:33    5090637 atlasV7_10.0um_scoreVolume_VCA_R.bp
2018-06-03 14:16:20         77 atlasV7_10.0um_scoreVolume_VCA_R_origin_wrt_canonicalAtlasSpace.txt
2018-06-03 14:16:21    3428526 atlasV7_10.0um_scoreVolume_VCA_R_surround_200um.bp
2018-06-03 14:16:52         77 atlasV7_10.0um_scoreVolume_VCA_R_surround_200um_origin_wrt_canonicalAtlasSpace.txt
2018-06-03 14:16:54    3074505 atlasV7_10.0um_scoreVolume_VCP_L.bp
2018-06-03 14:17:13         77 atlasV7_10.0um_scoreVolume_VCP_L_origin_wrt_canonicalAtlasSpace.txt
2018-06-03 14:17:15    2321454 atlasV7_10.0um_scoreVolume_VCP_L_surround_200um.bp
2018-06-03 14:17:38         78 atlasV7_10.0um_scoreVolume_VCP_L_surround_200um_origin_wrt_canonicalAtlasSpace.txt
2018-06-03 14:17:40    3068515 atlasV7_10.0um_scoreVolume_VCP_R.bp
2018-06-03 14:18:07         76 atlasV7_10.0um_scoreVolume_VCP_R_origin_wrt_canonicalAtlasSpace.txt
2018-06-03 14:18:08    2330871 atlasV7_10.0um_scoreVolume_VCP_R_surround_200um.bp
2018-06-03 14:18:33         77 atlasV7_10.0um_scoreVolume_VCP_R_surround_200um_origin_wrt_canonicalAtlasSpace.txt
2018-06-03 13:45:59    6468398 atlasV7_10.0um_scoreVolume_VLL_L.bp
2018-06-03 13:47:04         78 atlasV7_10.0um_scoreVolume_VLL_L_origin_wrt_canonicalAtlasSpace.txt
2018-06-03 13:47:06    4215580 atlasV7_10.0um_scoreVolume_VLL_L_surround_200um.bp
2018-06-03 13:47:46         78 atlasV7_10.0um_scoreVolume_VLL_L_surround_200um_origin_wrt_canonicalAtlasSpace.txt
2018-06-03 13:47:48    6472569 atlasV7_10.0um_scoreVolume_VLL_R.bp
2018-06-03 13:48:46         77 atlasV7_10.0um_scoreVolume_VLL_R_origin_wrt_canonicalAtlasSpace.txt
2018-06-03 13:48:48    4216047 atlasV7_10.0um_scoreVolume_VLL_R_surround_200um.bp
2018-06-03 13:49:27         77 atlasV7_10.0um_scoreVolume_VLL_R_surround_200um_origin_wrt_canonicalAtlasSpace.txt
